Build started 11/24/2014 12:28:45 AM.
     1>Project "C:\workspaces\C++\paper_drum\Paper Drums\Paper Drums.vcxproj" on node 2 (Build target(s)).
     1>ClCompile:
         C:\Visual Studio 2013\VC\bin\CL.exe /c /IC:\workspaces\opencv\build\include /ZI /nologo /W3 /WX- /sdl /Od /Oy- /D _MBCS /Gm /EHsc /RTC1 /MDd /GS /fp:precise /Zc:wchar_t /Zc:forScope /Fo"Debug\\" /Fd"Debug\vc120.pdb" /Gd /TP /analyze- /errorReport:prompt paper_drum.cpp
         paper_drum.cpp
     1>c:\workspaces\c++\paper_drum\paper drums\paper_drum.cpp(786): warning C4018: '<' : signed/unsigned mismatch
     1>c:\workspaces\c++\paper_drum\paper drums\paper_drum.cpp(794): warning C4244: '=' : conversion from 'double' to 'int', possible loss of data
     1>c:\workspaces\c++\paper_drum\paper drums\paper_drum.cpp(811): warning C4244: 'argument' : conversion from 'const double' to 'int', possible loss of data
     1>c:\workspaces\c++\paper_drum\paper drums\paper_drum.cpp(834): warning C4244: '=' : conversion from 'double' to 'int', possible loss of data
     1>c:\workspaces\c++\paper_drum\paper drums\paper_drum.cpp(835): warning C4244: '=' : conversion from 'double' to 'int', possible loss of data
     1>c:\workspaces\c++\paper_drum\paper drums\paper_drum.cpp(868): warning C4018: '<' : signed/unsigned mismatch
     1>c:\workspaces\c++\paper_drum\paper drums\paper_drum.cpp(876): warning C4244: '=' : conversion from 'double' to 'int', possible loss of data
     1>c:\workspaces\c++\paper_drum\paper drums\paper_drum.cpp(893): warning C4244: 'argument' : conversion from 'const double' to 'int', possible loss of data
     1>c:\workspaces\c++\paper_drum\paper drums\paper_drum.cpp(965): warning C4018: '<' : signed/unsigned mismatch
     1>c:\workspaces\c++\paper_drum\paper drums\paper_drum.cpp(973): warning C4244: '=' : conversion from 'double' to 'int', possible loss of data
     1>c:\workspaces\c++\paper_drum\paper drums\paper_drum.cpp(990): warning C4244: 'argument' : conversion from 'const double' to 'int', possible loss of data
     1>c:\workspaces\c++\paper_drum\paper drums\paper_drum.cpp(1045): warning C4018: '<' : signed/unsigned mismatch
     1>c:\workspaces\c++\paper_drum\paper drums\paper_drum.cpp(1053): warning C4244: '=' : conversion from 'double' to 'int', possible loss of data
     1>c:\workspaces\c++\paper_drum\paper drums\paper_drum.cpp(1070): warning C4244: 'argument' : conversion from 'const double' to 'int', possible loss of data
     1>c:\workspaces\c++\paper_drum\paper drums\paper_drum.cpp(1122): warning C4018: '<' : signed/unsigned mismatch
     1>c:\workspaces\c++\paper_drum\paper drums\paper_drum.cpp(1130): warning C4244: '=' : conversion from 'double' to 'int', possible loss of data
     1>c:\workspaces\c++\paper_drum\paper drums\paper_drum.cpp(1147): warning C4244: 'argument' : conversion from 'const double' to 'int', possible loss of data
     1>c:\workspaces\c++\paper_drum\paper drums\paper_drum.cpp(1221): warning C4018: '<' : signed/unsigned mismatch
     1>c:\workspaces\c++\paper_drum\paper drums\paper_drum.cpp(1230): warning C4244: '=' : conversion from 'double' to 'int', possible loss of data
     1>c:\workspaces\c++\paper_drum\paper drums\paper_drum.cpp(1247): warning C4244: 'argument' : conversion from 'const double' to 'int', possible loss of data
       Link:
         C:\Visual Studio 2013\VC\bin\link.exe /ERRORREPORT:PROMPT /OUT:"C:\workspaces\C++\paper_drum\Paper Drums\Debug\Paper Drums.exe" /INCREMENTAL /NOLOGO /LIBPATH:C:\workspaces\opencv\build\x86\vc12\lib opencv_calib3d249d.lib opencv_contrib249d.lib opencv_core249d.lib opencv_features2d249d.lib opencv_flann249d.lib opencv_gpu249d.lib opencv_highgui249d.lib opencv_imgproc249d.lib opencv_legacy249d.lib opencv_ml249d.lib opencv_nonfree249d.lib opencv_objdetect249d.lib opencv_ocl249d.lib opencv_photo249d.lib opencv_stitching249d.lib opencv_superres249d.lib opencv_ts249d.lib opencv_video249d.lib opencv_videostab249d.lib kernel32.lib user32.lib gdi32.lib winspool.lib comdlg32.lib advapi32.lib shell32.lib ole32.lib oleaut32.lib uuid.lib odbc32.lib odbccp32.lib WinMM.lib WinMM.lib /MANIFEST /MANIFESTUAC:"level='asInvoker' uiAccess='false'" /manifest:embed /DEBUG /PDB:"C:\workspaces\C++\paper_drum\Paper Drums\Debug\Paper Drums.pdb" /TLBID:1 /DYNAMICBASE /NXCOMPAT /IMPLIB:"C:\workspaces\C++\paper_drum\Paper Drums\Debug\Paper Drums.lib" /MACHINE:X86 Debug\paper_drum.obj
         Debug\stdafx.obj
         Paper Drums.vcxproj -> C:\workspaces\C++\paper_drum\Paper Drums\Debug\Paper Drums.exe
     1>Done Building Project "C:\workspaces\C++\paper_drum\Paper Drums\Paper Drums.vcxproj" (Build target(s)).

Build succeeded.

Time Elapsed 00:00:03.34
